#
# A fatal error has been detected by the Java Runtime Environment:
#
#  EXCEPTION_GUARD_PAGE (0x80000001) at pc=0x18c80ace, pid=2900, tid=4276
#
# JRE version: Java(TM) SE Runtime Environment (7.0_51-b13) (build 1.7.0_51-b13)
# Java VM: Java HotSpot(TM) Client VM (24.51-b03 mixed mode windows-x86 )
# Problematic frame:
# C  [ig4icd32.dll+0x200ace]
#
# Failed to write core dump. Minidumps are not enabled by default on client versions of Windows
#
# If you would like to submit a bug report, please visit:
#   http://bugreport.sun.com/bugreport/crash.jsp
# The crash happened outside the Java Virtual Machine in native code.
# See problematic frame for where to report the bug.
#

---------------  T H R E A D  ---------------

Current thread (0x17bd6000):  JavaThread "LWJGL Renderer Thread" [_thread_in_native, id=4276, stack(0x183c0000,0x18410000)]

siginfo: ExceptionCode=0x80000001, ExceptionInformation=0x00000000 0x1d340004 

Registers:
EAX=0x1d340000, EBX=0x00000117, ECX=0x00000001, EDX=0x1ac83000
ESP=0x1840ee9c, EBP=0x1cff5d30, ESI=0x00000002, EDI=0x184dfd10
EIP=0x18c80ace, EFLAGS=0x00010293

Top of Stack: (sp=0x1840ee9c)
0x1840ee9c:   0000000f 1852005c 00000084 1cff5a10
0x1840eeac:   00000003 00000024 0000000e 1852005c
0x1840eebc:   00000001 00000004 18c829b9 1852005c
0x1840eecc:   184dfcd0 0000000f 1cff5d30 1852027f
0x1840eedc:   1852005c 00001245 00080038 00000000
0x1840eeec:   00000004 1d074d30 18b2b460 1852005c
0x1840eefc:   1ac83210 1d537d20 1852007f 18b4903d
0x1840ef0c:   1d5376f0 00000004 00000084 1852005c 

Instructions: (pc=0x18c80ace)
0x18c80aae:   0f af cb 03 c1 8d 4e ff 83 f9 03 77 1d ff 24 8d
0x18c80abe:   70 0c c8 18 d9 40 0c d9 5f 0c d9 40 08 d9 5f 08
0x18c80ace:   d9 40 04 d9 5f 04 d9 00 d9 1f 8b 7c 24 10 8b 5c
0x18c80ade:   24 34 8b 74 24 14 47 83 c6 0c 89 7c 24 10 89 74 


Register to memory mapping:

EAX=0x1d340000 is an unknown value
EBX=0x00000117 is an unknown value
ECX=0x00000001 is an unknown value
EDX=0x1ac83000 is an unknown value
ESP=0x1840ee9c is pointing into the stack for thread: 0x17bd6000
EBP=0x1cff5d30 is an unknown value
ESI=0x00000002 is an unknown value
EDI=0x184dfd10 is an unknown value


Stack: [0x183c0000,0x18410000],  sp=0x1840ee9c,  free space=315k
Native frames: (J=compiled Java code, j=interpreted, Vv=VM code, C=native code)
C  [ig4icd32.dll+0x200ace]

Java frames: (J=compiled Java code, j=interpreted, Vv=VM code)
J  org.lwjgl.opengl.GL12.nglDrawRangeElementsBO(IIIIIJJ)V
J  org.lwjgl.opengl.GL12.glDrawRangeElements(IIIIIJ)V
J  com.jme3.renderer.lwjgl.LwjglRenderer.drawTriangleList(Lcom/jme3/scene/VertexBuffer;Lcom/jme3/scene/Mesh;I)V
J  com.jme3.renderer.lwjgl.LwjglRenderer.renderMeshDefault(Lcom/jme3/scene/Mesh;II)V
J  com.jme3.renderer.lwjgl.LwjglRenderer.renderMesh(Lcom/jme3/scene/Mesh;II)V
J  com.jme3.material.Material.renderMultipassLighting(Lcom/jme3/shader/Shader;Lcom/jme3/scene/Geometry;Lcom/jme3/renderer/RenderManager;)V
J  com.jme3.material.Material.render(Lcom/jme3/scene/Geometry;Lcom/jme3/renderer/RenderManager;)V
J  com.jme3.renderer.RenderManager.renderGeometry(Lcom/jme3/scene/Geometry;)V
J  com.jme3.renderer.queue.RenderQueue.renderGeometryList(Lcom/jme3/renderer/queue/GeometryList;Lcom/jme3/renderer/RenderManager;Lcom/jme3/renderer/Camera;Z)V
j  com.jme3.renderer.queue.RenderQueue.renderQueue(Lcom/jme3/renderer/queue/RenderQueue$Bucket;Lcom/jme3/renderer/RenderManager;Lcom/jme3/renderer/Camera;Z)V+68
j  com.jme3.renderer.RenderManager.renderViewPortQueues(Lcom/jme3/renderer/ViewPort;Z)V+22
j  com.jme3.renderer.RenderManager.flushQueue(Lcom/jme3/renderer/ViewPort;)V+3
j  com.jme3.renderer.RenderManager.renderViewPort(Lcom/jme3/renderer/ViewPort;F)V+267
j  com.jme3.renderer.RenderManager.render(FZ)V+123
j  com.jme3.app.SimpleApplication.update()V+102
j  com.jme3.system.lwjgl.LwjglAbstractDisplay.runLoop()V+22
j  com.jme3.system.lwjgl.LwjglDisplay.runLoop()V+67
j  com.jme3.system.lwjgl.LwjglAbstractDisplay.run()V+132
j  java.lang.Thread.run()V+11
v  ~StubRoutines::call_stub

---------------  P R O C E S S  ---------------

Java Threads: ( => current thread )
  0x1cb5a400 JavaThread "LWJGL Timer" daemon [_thread_blocked, id=1220, stack(0x1d340000,0x1d390000)]
  0x187dc400 JavaThread "Java2D Disposer" daemon [_thread_blocked, id=9004, stack(0x1c6f0000,0x1c740000)]
  0x186d3800 JavaThread "jME3 Audio Thread" daemon [_thread_blocked, id=10620, stack(0x1bcd0000,0x1bd20000)]
  0x011bc800 JavaThread "DestroyJavaVM" [_thread_blocked, id=12380, stack(0x018e0000,0x01930000)]
=>0x17bd6000 JavaThread "LWJGL Renderer Thread" [_thread_in_native, id=4276, stack(0x183c0000,0x18410000)]
  0x17aad800 JavaThread "Service Thread" daemon [_thread_blocked, id=11080, stack(0x17e20000,0x17e70000)]
  0x17aa9000 JavaThread "C1 CompilerThread0" daemon [_thread_blocked, id=6648, stack(0x17ea0000,0x17ef0000)]
  0x17aa8000 JavaThread "Attach Listener" daemon [_thread_blocked, id=5424, stack(0x17d60000,0x17db0000)]
  0x17aa4c00 JavaThread "Signal Dispatcher" daemon [_thread_blocked, id=9292, stack(0x17cd0000,0x17d20000)]
  0x17a78800 JavaThread "Finalizer" daemon [_thread_blocked, id=6348, stack(0x01880000,0x018d0000)]
  0x17a72800 JavaThread "Reference Handler" daemon [_thread_blocked, id=2304, stack(0x17c80000,0x17cd0000)]

Other Threads:
  0x17a70800 VMThread [stack: 0x17dd0000,0x17e20000] [id=8428]
  0x17ac8400 WatcherThread [stack: 0x18070000,0x180c0000] [id=2796]

VM state:not at safepoint (normal execution)

VM Mutex/Monitor currently owned by a thread: None

Heap
 def new generation   total 13248K, used 10644K [0x039b0000, 0x04800000, 0x08f00000)
  eden space 11840K,  78% used [0x039b0000, 0x042b50f0, 0x04540000)
  from space 1408K,  99% used [0x046a0000, 0x047ffff0, 0x04800000)
  to   space 1408K,   0% used [0x04540000, 0x04540000, 0x046a0000)
 tenured generation   total 29288K, used 28678K [0x08f00000, 0x0ab9a000, 0x139b0000)
   the space 29288K,  97% used [0x08f00000, 0x0ab01a28, 0x0ab01c00, 0x0ab9a000)
 compacting perm gen  total 12288K, used 6216K [0x139b0000, 0x145b0000, 0x179b0000)
   the space 12288K,  50% used [0x139b0000, 0x13fc2318, 0x13fc2400, 0x145b0000)
No shared spaces configured.

Card table byte_map: [0x179b0000,0x17a60000] byte_map_base: 0x17993280

Polling page: 0x01080000

Code Cache  [0x01930000, 0x01a98000, 0x03930000)
 total_blobs=762 nmethods=511 adapters=188 free_code_cache=31347Kb largest_free_block=32100288

Compilation events (10 events):
Event: 4.383 Thread 0x17aa9000  507             com.jme3.font.LetterQuad::computeLineY (42 bytes)
Event: 4.383 Thread 0x17aa9000 nmethod 507 0x01a91f48 code [0x01a92060, 0x01a92170]
Event: 4.383 Thread 0x17aa9000  508             com.jme3.font.LetterQuad::isInvalid (83 bytes)
Event: 4.383 Thread 0x17aa9000 nmethod 508 0x01a92308 code [0x01a92420, 0x01a92590]
Event: 4.429 Thread 0x17aa9000  509             java.util.LinkedList$Node::<init> (20 bytes)
Event: 4.430 Thread 0x17aa9000 nmethod 509 0x01a92648 code [0x01a92740, 0x01a927f0]
Event: 4.430 Thread 0x17aa9000  510             java.nio.DirectShortBufferU::put (154 bytes)
Event: 4.430 Thread 0x17aa9000 nmethod 510 0x01a92848 code [0x01a92980, 0x01a92c3c]
Event: 4.434 Thread 0x17aa9000  511             java.lang.ref.PhantomReference::<init> (7 bytes)
Event: 4.434 Thread 0x17aa9000 nmethod 511 0x01a92e48 code [0x01a92f40, 0x01a92ff0]

GC Heap History (10 events):
Event: 1.546 GC heap before
{Heap before GC invocations=34 (full 2):
 def new generation   total 13248K, used 13247K [0x039b0000, 0x04800000, 0x08f00000)
  eden space 11840K, 100% used [0x039b0000, 0x04540000, 0x04540000)
  from space 1408K,  99% used [0x04540000, 0x0469fff0, 0x046a0000)
  to   space 1408K,   0% used [0x046a0000, 0x046a0000, 0x04800000)
 tenured generation   total 29288K, used 22219K [0x08f00000, 0x0ab9a000, 0x139b0000)
   the space 29288K,  75% used [0x08f00000, 0x0a4b2cf0, 0x0a4b2e00, 0x0ab9a000)
 compacting perm gen  total 12288K, used 6032K [0x139b0000, 0x145b0000, 0x179b0000)
   the space 12288K,  49% used [0x139b0000, 0x13f94280, 0x13f94400, 0x145b0000)
No shared spaces configured.
Event: 1.552 GC heap after
Heap after GC invocations=35 (full 2):
 def new generation   total 13248K, used 1224K [0x039b0000, 0x04800000, 0x08f00000)
  eden space 11840K,   0% used [0x039b0000, 0x039b0000, 0x04540000)
  from space 1408K,  86% used [0x046a0000, 0x047d2178, 0x04800000)
  to   space 1408K,   0% used [0x04540000, 0x04540000, 0x046a0000)
 tenured generation   total 29288K, used 23627K [0x08f00000, 0x0ab9a000, 0x139b0000)
   the space 29288K,  80% used [0x08f00000, 0x0a612c98, 0x0a612e00, 0x0ab9a000)
 compacting perm gen  total 12288K, used 6032K [0x139b0000, 0x145b0000, 0x179b0000)
   the space 12288K,  49% used [0x139b0000, 0x13f94280, 0x13f94400, 0x145b0000)
No shared spaces configured.
}
Event: 1.568 GC heap before
{Heap before GC invocations=35 (full 2):
 def new generation   total 13248K, used 13064K [0x039b0000, 0x04800000, 0x08f00000)
  eden space 11840K, 100% used [0x039b0000, 0x04540000, 0x04540000)
  from space 1408K,  86% used [0x046a0000, 0x047d2178, 0x04800000)
  to   space 1408K,   0% used [0x04540000, 0x04540000, 0x046a0000)
 tenured generation   total 29288K, used 23627K [0x08f00000, 0x0ab9a000, 0x139b0000)
   the space 29288K,  80% used [0x08f00000, 0x0a612c98, 0x0a612e00, 0x0ab9a000)
 compacting perm gen  total 12288K, used 6032K [0x139b0000, 0x145b0000, 0x179b0000)
   the space 12288K,  49% used [0x139b0000, 0x13f94280, 0x13f94400, 0x145b0000)
No shared spaces configured.
Event: 1.574 GC heap after
Heap after GC invocations=36 (full 2):
 def new generation   total 13248K, used 1408K [0x039b0000, 0x04800000, 0x08f00000)
  eden space 11840K,   0% used [0x039b0000, 0x039b0000, 0x04540000)
  from space 1408K, 100% used [0x04540000, 0x046a0000, 0x046a0000)
  to   space 1408K,   0% used [0x046a0000, 0x046a0000, 0x04800000)
 tenured generation   total 29288K, used 24752K [0x08f00000, 0x0ab9a000, 0x139b0000)
   the space 29288K,  84% used [0x08f00000, 0x0a72c350, 0x0a72c400, 0x0ab9a000)
 compacting perm gen  total 12288K, used 6032K [0x139b0000, 0x145b0000, 0x179b0000)
   the space 12288K,  49% used [0x139b0000, 0x13f94280, 0x13f94400, 0x145b0000)
No shared spaces configured.
}
Event: 1.587 GC heap before
{Heap before GC invocations=36 (full 2):
 def new generation   total 13248K, used 13248K [0x039b0000, 0x04800000, 0x08f00000)
  eden space 11840K, 100% used [0x039b0000, 0x04540000, 0x04540000)
  from space 1408K, 100% used [0x04540000, 0x046a0000, 0x046a0000)
  to   space 1408K,   0% used [0x046a0000, 0x046a0000, 0x04800000)
 tenured generation   total 29288K, used 24752K [0x08f00000, 0x0ab9a000, 0x139b0000)
   the space 29288K,  84% used [0x08f00000, 0x0a72c350, 0x0a72c400, 0x0ab9a000)
 compacting perm gen  total 12288K, used 6032K [0x139b0000, 0x145b0000, 0x179b0000)
   the space 12288K,  49% used [0x139b0000, 0x13f94280, 0x13f94400, 0x145b0000)
No shared spaces configured.
Event: 1.593 GC heap after
Heap after GC invocations=37 (full 2):
 def new generation   total 13248K, used 1342K [0x039b0000, 0x04800000, 0x08f00000)
  eden space 11840K,   0% used [0x039b0000, 0x039b0000, 0x04540000)
  from space 1408K,  95% used [0x046a0000, 0x047efa60, 0x04800000)
  to   space 1408K,   0% used [0x04540000, 0x04540000, 0x046a0000)
 tenured generation   total 29288K, used 26150K [0x08f00000, 0x0ab9a000, 0x139b0000)
   the space 29288K,  89% used [0x08f00000, 0x0a889a20, 0x0a889c00, 0x0ab9a000)
 compacting perm gen  total 12288K, used 6032K [0x139b0000, 0x145b0000, 0x179b0000)
   the space 12288K,  49% used [0x139b0000, 0x13f94280, 0x13f94400, 0x145b0000)
No shared spaces configured.
}
Event: 1.608 GC heap before
{Heap before GC invocations=37 (full 2):
 def new generation   total 13248K, used 13182K [0x039b0000, 0x04800000, 0x08f00000)
  eden space 11840K, 100% used [0x039b0000, 0x04540000, 0x04540000)
  from space 1408K,  95% used [0x046a0000, 0x047efa60, 0x04800000)
  to   space 1408K,   0% used [0x04540000, 0x04540000, 0x046a0000)
 tenured generation   total 29288K, used 26150K [0x08f00000, 0x0ab9a000, 0x139b0000)
   the space 29288K,  89% used [0x08f00000, 0x0a889a20, 0x0a889c00, 0x0ab9a000)
 compacting perm gen  total 12288K, used 6032K [0x139b0000, 0x145b0000, 0x179b0000)
   the space 12288K,  49% used [0x139b0000, 0x13f94280, 0x13f94400, 0x145b0000)
No shared spaces configured.
Event: 1.613 GC heap after
Heap after GC invocations=38 (full 2):
 def new generation   total 13248K, used 1213K [0x039b0000, 0x04800000, 0x08f00000)
  eden space 11840K,   0% used [0x039b0000, 0x039b0000, 0x04540000)
  from space 1408K,  86% used [0x04540000, 0x0466f4c8, 0x046a0000)
  to   space 1408K,   0% used [0x046a0000, 0x046a0000, 0x04800000)
 tenured generation   total 29288K, used 27493K [0x08f00000, 0x0ab9a000, 0x139b0000)
   the space 29288K,  93% used [0x08f00000, 0x0a9d9408, 0x0a9d9600, 0x0ab9a000)
 compacting perm gen  total 12288K, used 6032K [0x139b0000, 0x145b0000, 0x179b0000)
   the space 12288K,  49% used [0x139b0000, 0x13f94280, 0x13f94400, 0x145b0000)
No shared spaces configured.
}
Event: 1.631 GC heap before
{Heap before GC invocations=38 (full 2):
 def new generation   total 13248K, used 13053K [0x039b0000, 0x04800000, 0x08f00000)
  eden space 11840K, 100% used [0x039b0000, 0x04540000, 0x04540000)
  from space 1408K,  86% used [0x04540000, 0x0466f4c8, 0x046a0000)
  to   space 1408K,   0% used [0x046a0000, 0x046a0000, 0x04800000)
 tenured generation   total 29288K, used 27493K [0x08f00000, 0x0ab9a000, 0x139b0000)
   the space 29288K,  93% used [0x08f00000, 0x0a9d9408, 0x0a9d9600, 0x0ab9a000)
 compacting perm gen  total 12288K, used 6032K [0x139b0000, 0x145b0000, 0x179b0000)
   the space 12288K,  49% used [0x139b0000, 0x13f94280, 0x13f94400, 0x145b0000)
No shared spaces configured.
Event: 1.636 GC heap after
Heap after GC invocations=39 (full 2):
 def new generation   total 13248K, used 1407K [0x039b0000, 0x04800000, 0x08f00000)
  eden space 11840K,   0% used [0x039b0000, 0x039b0000, 0x04540000)
  from space 1408K,  99% used [0x046a0000, 0x047ffff0, 0x04800000)
  to   space 1408K,   0% used [0x04540000, 0x04540000, 0x046a0000)
 tenured generation   total 29288K, used 28678K [0x08f00000, 0x0ab9a000, 0x139b0000)
   the space 29288K,  97% used [0x08f00000, 0x0ab01a28, 0x0ab01c00, 0x0ab9a000)
 compacting perm gen  total 12288K, used 6032K [0x139b0000, 0x145b0000, 0x179b0000)
   the space 12288K,  49% used [0x139b0000, 0x13f94280, 0x13f94400, 0x145b0000)
No shared spaces configured.
}

Deoptimization events (0 events):
No events

Internal exceptions (10 events):
Event: 1.807 Thread 0x17bd6000 Threw 0x0421d7b8 at C:\re\jdk7u51\527\hotspot\src\share\vm\prims\jvm.cpp:1244
Event: 1.813 Thread 0x17bd6000 Threw 0x04221348 at C:\re\jdk7u51\527\hotspot\src\share\vm\prims\jvm.cpp:1244
Event: 1.813 Thread 0x17bd6000 Threw 0x042239d0 at C:\re\jdk7u51\527\hotspot\src\share\vm\prims\jvm.cpp:1244
Event: 1.829 Thread 0x17bd6000 Threw 0x0422d4a8 at C:\re\jdk7u51\527\hotspot\src\share\vm\prims\jvm.cpp:1244
Event: 1.829 Thread 0x17bd6000 Threw 0x04230988 at C:\re\jdk7u51\527\hotspot\src\share\vm\prims\jvm.cpp:1244
Event: 1.830 Thread 0x17bd6000 Threw 0x04233c38 at C:\re\jdk7u51\527\hotspot\src\share\vm\prims\jvm.cpp:1244
Event: 2.179 Thread 0x17bd6000 Threw 0x04241540 at C:\re\jdk7u51\527\hotspot\src\share\vm\prims\jvm.cpp:1244
Event: 2.180 Thread 0x17bd6000 Threw 0x04243ef8 at C:\re\jdk7u51\527\hotspot\src\share\vm\prims\jvm.cpp:1244
Event: 2.979 Thread 0x17bd6000 Threw 0x0425a420 at C:\re\jdk7u51\527\hotspot\src\share\vm\prims\jvm.cpp:1244
Event: 2.980 Thread 0x17bd6000 Threw 0x04263a60 at C:\re\jdk7u51\527\hotspot\src\share\vm\prims\jvm.cpp:1244

Events (10 events):
Event: 2.179 loading class 0x18789048
Event: 2.179 loading class 0x18789048 done
Event: 2.179 loading class 0x18783408
Event: 2.179 loading class 0x18783408 done
Event: 2.979 loading class 0x17c46d00
Event: 2.979 loading class 0x17c46d00 done
Event: 2.980 loading class 0x18877720
Event: 2.980 loading class 0x18877720 done
Event: 4.170 Executing VM operation: EnableBiasedLocking
Event: 4.170 Executing VM operation: EnableBiasedLocking done


Dynamic libraries:
0x01380000 - 0x013af000 	C:\Program Files\jmonkeyplatform\jdk\bin\java.exe
0x77b60000 - 0x77c9c000 	C:\windows\SYSTEM32\ntdll.dll
0x76730000 - 0x76804000 	C:\windows\system32\kernel32.dll
0x75e10000 - 0x75e5b000 	C:\windows\system32\KERNELBASE.dll
0x75ee0000 - 0x75f80000 	C:\windows\system32\ADVAPI32.dll
0x76810000 - 0x768bc000 	C:\windows\system32\msvcrt.dll
0x77860000 - 0x77879000 	C:\windows\SYSTEM32\sechost.dll
0x76400000 - 0x764a2000 	C:\windows\system32\RPCRT4.dll
0x77a20000 - 0x77ae9000 	C:\windows\system32\USER32.dll
0x761f0000 - 0x7623e000 	C:\windows\system32\GDI32.dll
0x777f0000 - 0x777fa000 	C:\windows\system32\LPK.dll
0x76520000 - 0x765bd000 	C:\windows\system32\USP10.dll
0x730f0000 - 0x7328e000 	C:\windows\WinSxS\x86_microsoft.windows.common-controls_6595b64144ccf1df_6.0.7601.17514_none_41e6975e2bd6f2b2\COMCTL32.dll
0x77800000 - 0x77857000 	C:\windows\system32\SHLWAPI.dll
0x77ca0000 - 0x77cbf000 	C:\windows\system32\IMM32.DLL
0x77cc0000 - 0x77d8c000 	C:\windows\system32\MSCTF.dll
0x74120000 - 0x741df000 	C:\Program Files\jmonkeyplatform\jdk\jre\bin\msvcr100.dll
0x5ac10000 - 0x5af90000 	C:\Program Files\jmonkeyplatform\jdk\jre\bin\client\jvm.dll
0x6edb0000 - 0x6edb7000 	C:\windows\system32\WSOCK32.dll
0x77b20000 - 0x77b55000 	C:\windows\system32\WS2_32.dll
0x765c0000 - 0x765c6000 	C:\windows\system32\NSI.dll
0x6edc0000 - 0x6edf2000 	C:\windows\system32\WINMM.dll
0x768c0000 - 0x768c5000 	C:\windows\system32\PSAPI.DLL
0x743b0000 - 0x743bc000 	C:\Program Files\jmonkeyplatform\jdk\jre\bin\verify.dll
0x72440000 - 0x72460000 	C:\Program Files\jmonkeyplatform\jdk\jre\bin\java.dll
0x73e10000 - 0x73e23000 	C:\Program Files\jmonkeyplatform\jdk\jre\bin\zip.dll
0x69830000 - 0x69844000 	C:\Program Files\jmonkeyplatform\jdk\jre\bin\net.dll
0x755a0000 - 0x755dc000 	C:\windows\system32\mswsock.dll
0x75810000 - 0x75816000 	C:\windows\System32\wship6.dll
0x745d0000 - 0x745df000 	C:\Program Files\jmonkeyplatform\jdk\jre\bin\nio.dll
0x011c0000 - 0x0120c000 	C:\Users\Arnaud\Documents\JMonkeyEngine\Projects\ProcTerrain\lwjgl.dll
0x61af0000 - 0x61bb8000 	C:\windows\system32\OPENGL32.dll
0x62170000 - 0x62192000 	C:\windows\system32\GLU32.dll
0x68670000 - 0x68757000 	C:\windows\system32\DDRAW.dll
0x68660000 - 0x68666000 	C:\windows\system32\DCIMAN32.dll
0x77880000 - 0x77a1d000 	C:\windows\system32\SETUPAPI.dll
0x75cb0000 - 0x75cd7000 	C:\windows\system32\CFGMGR32.dll
0x768d0000 - 0x7695f000 	C:\windows\system32\OLEAUT32.dll
0x765d0000 - 0x7672c000 	C:\windows\system32\ole32.dll
0x75e80000 - 0x75e92000 	C:\windows\system32\DEVOBJ.dll
0x72d80000 - 0x72d93000 	C:\windows\system32\dwmapi.dll
0x75030000 - 0x75039000 	C:\windows\system32\VERSION.dll
0x18a80000 - 0x1983d000 	C:\windows\system32\ig4icd32.dll
0x75b00000 - 0x75b0c000 	C:\windows\system32\CRYPTBASE.dll
0x76240000 - 0x762c3000 	C:\windows\system32\CLBCatQ.DLL
0x69d90000 - 0x69db2000 	C:\Windows\IME\SpTip.dll
0x76ba0000 - 0x777ea000 	C:\windows\system32\SHELL32.dll
0x5aac0000 - 0x5ab39000 	C:\windows\system32\mscms.dll
0x75190000 - 0x751a7000 	C:\windows\system32\USERENV.dll
0x75b80000 - 0x75b8b000 	C:\windows\system32\profapi.dll
0x61ed0000 - 0x61f08000 	C:\windows\system32\icm32.dll
0x613c0000 - 0x61503000 	C:\Program Files\jmonkeyplatform\jdk\jre\bin\awt.dll
0x1bb30000 - 0x1bb95000 	C:\Users\Arnaud\Documents\JMonkeyEngine\Projects\ProcTerrain\OpenAL32.dll
0x74c00000 - 0x74c39000 	C:\windows\System32\MMDevApi.dll
0x74b00000 - 0x74bf5000 	C:\windows\System32\PROPSYS.dll
0x72a50000 - 0x72ac2000 	C:\windows\system32\dsound.dll
0x74c40000 - 0x74c65000 	C:\windows\system32\POWRPROF.dll
0x69930000 - 0x69966000 	C:\windows\system32\AUDIOSES.DLL
0x6ee80000 - 0x6ef6b000 	C:\windows\system32\dbghelp.dll

VM Arguments:
jvm_args: -Dfile.encoding=UTF-8 
java_command: me.arnaud.procterrain.Main
Launcher Type: SUN_STANDARD

Environment Variables:
PATH=C:\Program Files\Common Files\Microsoft Shared\Windows Live;C:\windows\system32;C:\windows;C:\windows\System32\Wbem;C:\windows\System32\WindowsPowerShell\v1.0\;C:\Program Files\Autodesk\Backburner\;C:\Program Files\Common Files\Autodesk Shared\;C:\Program Files\Windows Live\Shared
USERNAME=Arnaud
OS=Windows_NT
PROCESSOR_IDENTIFIER=x86 Family 6 Model 42 Stepping 7, GenuineIntel



---------------  S Y S T E M  ---------------

OS: Windows 7 Build 7601 Service Pack 1

CPU:total 4 (2 cores per cpu, 2 threads per core) family 6 model 42 stepping 7, cmov, cx8, fxsr, mmx, sse, sse2, sse3, ssse3, sse4.1, sse4.2, popcnt, avx, ht, tsc, tscinvbit

Memory: 4k page, physical 2001100k(188456k free), swap 5868940k(1751224k free)

vm_info: Java HotSpot(TM) Client VM (24.51-b03) for windows-x86 JRE (1.7.0_51-b13), built on Dec 18 2013 19:09:58 by "java_re" with unknown MS VC++:1600

time: Fri Jul 11 23:38:04 2014
elapsed time: 4 seconds

