#
# A fatal error has been detected by the Java Runtime Environment:
#
#  EXCEPTION_ACCESS_VIOLATION (0xc0000005) at pc=0x18a90ac8, pid=9692, tid=8544
#
# JRE version: Java(TM) SE Runtime Environment (7.0_51-b13) (build 1.7.0_51-b13)
# Java VM: Java HotSpot(TM) Client VM (24.51-b03 mixed mode windows-x86 )
# Problematic frame:
# C  [ig4icd32.dll+0x200ac8]
#
# Failed to write core dump. Minidumps are not enabled by default on client versions of Windows
#
# If you would like to submit a bug report, please visit:
#   http://bugreport.sun.com/bugreport/crash.jsp
# The crash happened outside the Java Virtual Machine in native code.
# See problematic frame for where to report the bug.
#

---------------  T H R E A D  ---------------

Current thread (0x17b78800):  JavaThread "LWJGL Renderer Thread" [_thread_in_native, id=8544, stack(0x18440000,0x18490000)]

siginfo: ExceptionCode=0xc0000005, reading address 0x1d232008

Registers:
EAX=0x1d232000, EBX=0x00000726, ECX=0x00000002, EDX=0x1d552ec0
ESP=0x1848ee1c, EBP=0x1d08bce8, ESI=0x00000003, EDI=0x197efd00
EIP=0x18a90ac8, EFLAGS=0x00010297

Top of Stack: (sp=0x1848ee1c)
0x1848ee1c:   00000072 19b9005c 00000084 1d08b9c8
0x1848ee2c:   00000002 00000018 00000071 19b9005c
0x1848ee3c:   00000001 00000004 18a929b9 19b9005c
0x1848ee4c:   197efcd0 00000072 1d08bce8 19b9027f
0x1848ee5c:   19b9005c 000000ba 00080038 00000000
0x1848ee6c:   00000008 1d1171b0 1893b460 19b9005c
0x1848ee7c:   1d5530d0 1d38a398 19b9007f 1895903d
0x1848ee8c:   1d3886b8 00000004 00000084 19b9005c 

Instructions: (pc=0x18a90ac8)
0x18a90aa8:   8b 4e 20 8b 76 24 0f af cb 03 c1 8d 4e ff 83 f9
0x18a90ab8:   03 77 1d ff 24 8d 70 0c a9 18 d9 40 0c d9 5f 0c
0x18a90ac8:   d9 40 08 d9 5f 08 d9 40 04 d9 5f 04 d9 00 d9 1f
0x18a90ad8:   8b 7c 24 10 8b 5c 24 34 8b 74 24 14 47 83 c6 0c 


Register to memory mapping:

EAX=0x1d232000 is an unknown value
EBX=0x00000726 is an unknown value
ECX=0x00000002 is an unknown value
EDX=0x1d552ec0 is an unknown value
ESP=0x1848ee1c is pointing into the stack for thread: 0x17b78800
EBP=0x1d08bce8 is an unknown value
ESI=0x00000003 is an unknown value
EDI=0x197efd00 is an unknown value


Stack: [0x18440000,0x18490000],  sp=0x1848ee1c,  free space=315k
Native frames: (J=compiled Java code, j=interpreted, Vv=VM code, C=native code)
C  [ig4icd32.dll+0x200ac8]

Java frames: (J=compiled Java code, j=interpreted, Vv=VM code)
J  org.lwjgl.opengl.GL12.nglDrawRangeElementsBO(IIIIIJJ)V
J  org.lwjgl.opengl.GL12.glDrawRangeElements(IIIIIJ)V
J  com.jme3.renderer.lwjgl.LwjglRenderer.drawTriangleList(Lcom/jme3/scene/VertexBuffer;Lcom/jme3/scene/Mesh;I)V
J  com.jme3.renderer.lwjgl.LwjglRenderer.renderMeshDefault(Lcom/jme3/scene/Mesh;II)V
J  com.jme3.renderer.lwjgl.LwjglRenderer.renderMesh(Lcom/jme3/scene/Mesh;II)V
J  com.jme3.material.Material.renderMultipassLighting(Lcom/jme3/shader/Shader;Lcom/jme3/scene/Geometry;Lcom/jme3/renderer/RenderManager;)V
J  com.jme3.material.Material.render(Lcom/jme3/scene/Geometry;Lcom/jme3/renderer/RenderManager;)V
J  com.jme3.renderer.RenderManager.renderGeometry(Lcom/jme3/scene/Geometry;)V
J  com.jme3.renderer.queue.RenderQueue.renderGeometryList(Lcom/jme3/renderer/queue/GeometryList;Lcom/jme3/renderer/RenderManager;Lcom/jme3/renderer/Camera;Z)V
J  com.jme3.renderer.queue.RenderQueue.renderQueue(Lcom/jme3/renderer/queue/RenderQueue$Bucket;Lcom/jme3/renderer/RenderManager;Lcom/jme3/renderer/Camera;Z)V
J  com.jme3.renderer.RenderManager.renderViewPortQueues(Lcom/jme3/renderer/ViewPort;Z)V
J  com.jme3.renderer.RenderManager.renderViewPort(Lcom/jme3/renderer/ViewPort;F)V
J  com.jme3.renderer.RenderManager.render(FZ)V
j  com.jme3.app.SimpleApplication.update()V+102
J  com.jme3.system.lwjgl.LwjglAbstractDisplay.runLoop()V
J  com.jme3.system.lwjgl.LwjglDisplay.runLoop()V
j  com.jme3.system.lwjgl.LwjglAbstractDisplay.run()V+132
j  java.lang.Thread.run()V+11
v  ~StubRoutines::call_stub

---------------  P R O C E S S  ---------------

Java Threads: ( => current thread )
  0x1c89f000 JavaThread "LWJGL Timer" daemon [_thread_blocked, id=13004, stack(0x1bd90000,0x1bde0000)]
  0x18619400 JavaThread "Java2D Disposer" daemon [_thread_blocked, id=11752, stack(0x19790000,0x197e0000)]
  0x18688000 JavaThread "jME3 Audio Thread" daemon [_thread_blocked, id=12452, stack(0x1bc60000,0x1bcb0000)]
  0x0135c800 JavaThread "DestroyJavaVM" [_thread_blocked, id=6200, stack(0x018a0000,0x018f0000)]
=>0x17b78800 JavaThread "LWJGL Renderer Thread" [_thread_in_native, id=8544, stack(0x18440000,0x18490000)]
  0x179ed800 JavaThread "Service Thread" daemon [_thread_blocked, id=11244, stack(0x17f00000,0x17f50000)]
  0x179e9000 JavaThread "C1 CompilerThread0" daemon [_thread_blocked, id=6424, stack(0x17f80000,0x17fd0000)]
  0x179e8000 JavaThread "Attach Listener" daemon [_thread_blocked, id=9796, stack(0x17cc0000,0x17d10000)]
  0x179e5000 JavaThread "Signal Dispatcher" daemon [_thread_blocked, id=10660, stack(0x17e40000,0x17e90000)]
  0x179b8800 JavaThread "Finalizer" daemon [_thread_blocked, id=11464, stack(0x17c00000,0x17c50000)]
  0x179b2800 JavaThread "Reference Handler" daemon [_thread_blocked, id=7768, stack(0x17d20000,0x17d70000)]

Other Threads:
  0x179b0800 VMThread [stack: 0x17c70000,0x17cc0000] [id=9972]
  0x17a08400 WatcherThread [stack: 0x17df0000,0x17e40000] [id=5332]

VM state:not at safepoint (normal execution)

VM Mutex/Monitor currently owned by a thread: None

Heap
 def new generation   total 38720K, used 37333K [0x038f0000, 0x062f0000, 0x08e40000)
  eden space 34432K,  96% used [0x038f0000, 0x0593f508, 0x05a90000)
  from space 4288K,  99% used [0x05a90000, 0x05eb6138, 0x05ec0000)
  to   space 4288K,   0% used [0x05ec0000, 0x05ec0000, 0x062f0000)
 tenured generation   total 85988K, used 46031K [0x08e40000, 0x0e239000, 0x138f0000)
   the space 85988K,  53% used [0x08e40000, 0x0bb33d20, 0x0bb33e00, 0x0e239000)
 compacting perm gen  total 12288K, used 6218K [0x138f0000, 0x144f0000, 0x178f0000)
   the space 12288K,  50% used [0x138f0000, 0x13f02908, 0x13f02a00, 0x144f0000)
No shared spaces configured.

Card table byte_map: [0x178f0000,0x179a0000] byte_map_base: 0x178d3880

Polling page: 0x00140000

Code Cache  [0x018f0000, 0x01ad0000, 0x038f0000)
 total_blobs=1119 nmethods=868 adapters=188 free_code_cache=30869Kb largest_free_block=31610816

Compilation events (10 events):
Event: 99.384 Thread 0x179e9000  862   !         org.lwjgl.opengl.WindowsDisplay::updateCursor (69 bytes)
Event: 99.384 Thread 0x179e9000 nmethod 862 0x01ac88c8 code [0x01ac8a20, 0x01ac8e38]
Event: 99.434 Thread 0x179e9000  864   !         org.lwjgl.opengl.WindowsDisplay::updateClipping (97 bytes)
Event: 99.434 Thread 0x179e9000 nmethod 864 0x01ac9388 code [0x01ac9510, 0x01ac9a10]
Event: 99.434 Thread 0x179e9000  865             org.lwjgl.opengl.WindowsDisplay::setupCursorClipping (27 bytes)
Event: 99.435 Thread 0x179e9000 nmethod 865 0x01ac9d48 code [0x01ac9e70, 0x01ac9ff8]
Event: 99.956 Thread 0x179e9000  867             org.lwjgl.BufferChecks::checkDirect (24 bytes)
Event: 99.957 Thread 0x179e9000 nmethod 867 0x01aca388 code [0x01aca4a0, 0x01aca598]
Event: 101.013 Thread 0x179e9000  868             com.jme3.util.IntMap::<init> (9 bytes)
Event: 101.013 Thread 0x179e9000 nmethod 868 0x01aca648 code [0x01aca760, 0x01aca7fc]

GC Heap History (10 events):
Event: 94.790 GC heap before
{Heap before GC invocations=111 (full 9):
 def new generation   total 38720K, used 38632K [0x038f0000, 0x062f0000, 0x08e40000)
  eden space 34432K, 100% used [0x038f0000, 0x05a90000, 0x05a90000)
  from space 4288K,  97% used [0x05ec0000, 0x062da2a0, 0x062f0000)
  to   space 4288K,   0% used [0x05a90000, 0x05a90000, 0x05ec0000)
 tenured generation   total 85988K, used 71298K [0x08e40000, 0x0e239000, 0x138f0000)
   the space 85988K,  82% used [0x08e40000, 0x0d3e0968, 0x0d3e0a00, 0x0e239000)
 compacting perm gen  total 12288K, used 6218K [0x138f0000, 0x144f0000, 0x178f0000)
   the space 12288K,  50% used [0x138f0000, 0x13f028e8, 0x13f02a00, 0x144f0000)
No shared spaces configured.
Event: 94.804 GC heap after
Heap after GC invocations=112 (full 9):
 def new generation   total 38720K, used 4266K [0x038f0000, 0x062f0000, 0x08e40000)
  eden space 34432K,   0% used [0x038f0000, 0x038f0000, 0x05a90000)
  from space 4288K,  99% used [0x05a90000, 0x05ebabf8, 0x05ec0000)
  to   space 4288K,   0% used [0x05ec0000, 0x05ec0000, 0x062f0000)
 tenured generation   total 85988K, used 75498K [0x08e40000, 0x0e239000, 0x138f0000)
   the space 85988K,  87% used [0x08e40000, 0x0d7fa8f0, 0x0d7faa00, 0x0e239000)
 compacting perm gen  total 12288K, used 6218K [0x138f0000, 0x144f0000, 0x178f0000)
   the space 12288K,  50% used [0x138f0000, 0x13f028e8, 0x13f02a00, 0x144f0000)
No shared spaces configured.
}
Event: 98.543 GC heap before
{Heap before GC invocations=112 (full 9):
 def new generation   total 38720K, used 38698K [0x038f0000, 0x062f0000, 0x08e40000)
  eden space 34432K, 100% used [0x038f0000, 0x05a90000, 0x05a90000)
  from space 4288K,  99% used [0x05a90000, 0x05ebabf8, 0x05ec0000)
  to   space 4288K,   0% used [0x05ec0000, 0x05ec0000, 0x062f0000)
 tenured generation   total 85988K, used 75498K [0x08e40000, 0x0e239000, 0x138f0000)
   the space 85988K,  87% used [0x08e40000, 0x0d7fa8f0, 0x0d7faa00, 0x0e239000)
 compacting perm gen  total 12288K, used 6218K [0x138f0000, 0x144f0000, 0x178f0000)
   the space 12288K,  50% used [0x138f0000, 0x13f028f8, 0x13f02a00, 0x144f0000)
No shared spaces configured.
Event: 98.557 GC heap after
Heap after GC invocations=113 (full 9):
 def new generation   total 38720K, used 4211K [0x038f0000, 0x062f0000, 0x08e40000)
  eden space 34432K,   0% used [0x038f0000, 0x038f0000, 0x05a90000)
  from space 4288K,  98% used [0x05ec0000, 0x062dcf30, 0x062f0000)
  to   space 4288K,   0% used [0x05a90000, 0x05a90000, 0x05ec0000)
 tenured generation   total 85988K, used 79764K [0x08e40000, 0x0e239000, 0x138f0000)
   the space 85988K,  92% used [0x08e40000, 0x0dc25158, 0x0dc25200, 0x0e239000)
 compacting perm gen  total 12288K, used 6218K [0x138f0000, 0x144f0000, 0x178f0000)
   the space 12288K,  50% used [0x138f0000, 0x13f028f8, 0x13f02a00, 0x144f0000)
No shared spaces configured.
}
Event: 98.654 GC heap before
{Heap before GC invocations=113 (full 9):
 def new generation   total 38720K, used 38643K [0x038f0000, 0x062f0000, 0x08e40000)
  eden space 34432K, 100% used [0x038f0000, 0x05a90000, 0x05a90000)
  from space 4288K,  98% used [0x05ec0000, 0x062dcf30, 0x062f0000)
  to   space 4288K,   0% used [0x05a90000, 0x05a90000, 0x05ec0000)
 tenured generation   total 85988K, used 79764K [0x08e40000, 0x0e239000, 0x138f0000)
   the space 85988K,  92% used [0x08e40000, 0x0dc25158, 0x0dc25200, 0x0e239000)
 compacting perm gen  total 12288K, used 6218K [0x138f0000, 0x144f0000, 0x178f0000)
   the space 12288K,  50% used [0x138f0000, 0x13f028f8, 0x13f02a00, 0x144f0000)
No shared spaces configured.
Event: 98.669 GC heap after
Heap after GC invocations=114 (full 9):
 def new generation   total 38720K, used 4156K [0x038f0000, 0x062f0000, 0x08e40000)
  eden space 34432K,   0% used [0x038f0000, 0x038f0000, 0x05a90000)
  from space 4288K,  96% used [0x05a90000, 0x05e9f398, 0x05ec0000)
  to   space 4288K,   0% used [0x05ec0000, 0x05ec0000, 0x062f0000)
 tenured generation   total 85988K, used 83975K [0x08e40000, 0x0e239000, 0x138f0000)
   the space 85988K,  97% used [0x08e40000, 0x0e041fa0, 0x0e042000, 0x0e239000)
 compacting perm gen  total 12288K, used 6218K [0x138f0000, 0x144f0000, 0x178f0000)
   the space 12288K,  50% used [0x138f0000, 0x13f028f8, 0x13f02a00, 0x144f0000)
No shared spaces configured.
}
Event: 100.691 GC heap before
{Heap before GC invocations=114 (full 9):
 def new generation   total 38720K, used 38588K [0x038f0000, 0x062f0000, 0x08e40000)
  eden space 34432K, 100% used [0x038f0000, 0x05a90000, 0x05a90000)
  from space 4288K,  96% used [0x05a90000, 0x05e9f398, 0x05ec0000)
  to   space 4288K,   0% used [0x05ec0000, 0x05ec0000, 0x062f0000)
 tenured generation   total 85988K, used 83975K [0x08e40000, 0x0e239000, 0x138f0000)
   the space 85988K,  97% used [0x08e40000, 0x0e041fa0, 0x0e042000, 0x0e239000)
 compacting perm gen  total 12288K, used 6218K [0x138f0000, 0x144f0000, 0x178f0000)
   the space 12288K,  50% used [0x138f0000, 0x13f02908, 0x13f02a00, 0x144f0000)
No shared spaces configured.
Event: 100.822 GC heap after
Heap after GC invocations=115 (full 10):
 def new generation   total 38720K, used 0K [0x038f0000, 0x062f0000, 0x08e40000)
  eden space 34432K,   0% used [0x038f0000, 0x038f0000, 0x05a90000)
  from space 4288K,   0% used [0x05ec0000, 0x05ec0000, 0x062f0000)
  to   space 4288K,   0% used [0x05a90000, 0x05a90000, 0x05ec0000)
 tenured generation   total 85988K, used 46031K [0x08e40000, 0x0e239000, 0x138f0000)
   the space 85988K,  53% used [0x08e40000, 0x0bb33d20, 0x0bb33e00, 0x0e239000)
 compacting perm gen  total 12288K, used 6218K [0x138f0000, 0x144f0000, 0x178f0000)
   the space 12288K,  50% used [0x138f0000, 0x13f02908, 0x13f02a00, 0x144f0000)
No shared spaces configured.
}
Event: 100.941 GC heap before
{Heap before GC invocations=115 (full 10):
 def new generation   total 38720K, used 34432K [0x038f0000, 0x062f0000, 0x08e40000)
  eden space 34432K, 100% used [0x038f0000, 0x05a90000, 0x05a90000)
  from space 4288K,   0% used [0x05ec0000, 0x05ec0000, 0x062f0000)
  to   space 4288K,   0% used [0x05a90000, 0x05a90000, 0x05ec0000)
 tenured generation   total 85988K, used 46031K [0x08e40000, 0x0e239000, 0x138f0000)
   the space 85988K,  53% used [0x08e40000, 0x0bb33d20, 0x0bb33e00, 0x0e239000)
 compacting perm gen  total 12288K, used 6218K [0x138f0000, 0x144f0000, 0x178f0000)
   the space 12288K,  50% used [0x138f0000, 0x13f02908, 0x13f02a00, 0x144f0000)
No shared spaces configured.
Event: 100.948 GC heap after
Heap after GC invocations=116 (full 10):
 def new generation   total 38720K, used 4248K [0x038f0000, 0x062f0000, 0x08e40000)
  eden space 34432K,   0% used [0x038f0000, 0x038f0000, 0x05a90000)
  from space 4288K,  99% used [0x05a90000, 0x05eb6138, 0x05ec0000)
  to   space 4288K,   0% used [0x05ec0000, 0x05ec0000, 0x062f0000)
 tenured generation   total 85988K, used 46031K [0x08e40000, 0x0e239000, 0x138f0000)
   the space 85988K,  53% used [0x08e40000, 0x0bb33d20, 0x0bb33e00, 0x0e239000)
 compacting perm gen  total 12288K, used 6218K [0x138f0000, 0x144f0000, 0x178f0000)
   the space 12288K,  50% used [0x138f0000, 0x13f02908, 0x13f02a00, 0x144f0000)
No shared spaces configured.
}

Deoptimization events (0 events):
No events

Internal exceptions (10 events):
Event: 3.258 Thread 0x17b78800 Threw 0x04d8c358 at C:\re\jdk7u51\527\hotspot\src\share\vm\prims\jvm.cpp:1244
Event: 3.258 Thread 0x17b78800 Threw 0x04d8e9e0 at C:\re\jdk7u51\527\hotspot\src\share\vm\prims\jvm.cpp:1244
Event: 3.274 Thread 0x17b78800 Threw 0x04d982a8 at C:\re\jdk7u51\527\hotspot\src\share\vm\prims\jvm.cpp:1244
Event: 3.275 Thread 0x17b78800 Threw 0x04d9b788 at C:\re\jdk7u51\527\hotspot\src\share\vm\prims\jvm.cpp:1244
Event: 3.275 Thread 0x17b78800 Threw 0x04d9ea38 at C:\re\jdk7u51\527\hotspot\src\share\vm\prims\jvm.cpp:1244
Event: 3.924 Thread 0x17b78800 Threw 0x04dac018 at C:\re\jdk7u51\527\hotspot\src\share\vm\prims\jvm.cpp:1244
Event: 3.925 Thread 0x17b78800 Threw 0x04db5658 at C:\re\jdk7u51\527\hotspot\src\share\vm\prims\jvm.cpp:1244
Event: 3.926 Thread 0x17b78800 Threw 0x04db8068 at C:\re\jdk7u51\527\hotspot\src\share\vm\prims\jvm.cpp:1244
Event: 3.926 Thread 0x17b78800 Threw 0x04db9fa0 at C:\re\jdk7u51\527\hotspot\src\share\vm\prims\jvm.cpp:1244
Event: 82.913 Thread 0x17b78800 Threw 0x04513020 at C:\re\jdk7u51\527\hotspot\src\share\vm\prims\jvm.cpp:1244

Events (10 events):
Event: 94.790 Executing VM operation: GenCollectForAllocation
Event: 94.804 Executing VM operation: GenCollectForAllocation done
Event: 98.543 Executing VM operation: GenCollectForAllocation
Event: 98.557 Executing VM operation: GenCollectForAllocation done
Event: 98.654 Executing VM operation: GenCollectForAllocation
Event: 98.669 Executing VM operation: GenCollectForAllocation done
Event: 100.691 Executing VM operation: GenCollectForAllocation
Event: 100.822 Executing VM operation: GenCollectForAllocation done
Event: 100.941 Executing VM operation: GenCollectForAllocation
Event: 100.949 Executing VM operation: GenCollectForAllocation done


Dynamic libraries:
0x013a0000 - 0x013cf000 	C:\Program Files\jmonkeyplatform\jdk\bin\java.exe
0x77b60000 - 0x77c9c000 	C:\windows\SYSTEM32\ntdll.dll
0x76730000 - 0x76804000 	C:\windows\system32\kernel32.dll
0x75e10000 - 0x75e5b000 	C:\windows\system32\KERNELBASE.dll
0x75ee0000 - 0x75f80000 	C:\windows\system32\ADVAPI32.dll
0x76810000 - 0x768bc000 	C:\windows\system32\msvcrt.dll
0x77860000 - 0x77879000 	C:\windows\SYSTEM32\sechost.dll
0x76400000 - 0x764a2000 	C:\windows\system32\RPCRT4.dll
0x77a20000 - 0x77ae9000 	C:\windows\system32\USER32.dll
0x761f0000 - 0x7623e000 	C:\windows\system32\GDI32.dll
0x777f0000 - 0x777fa000 	C:\windows\system32\LPK.dll
0x76520000 - 0x765bd000 	C:\windows\system32\USP10.dll
0x730f0000 - 0x7328e000 	C:\windows\WinSxS\x86_microsoft.windows.common-controls_6595b64144ccf1df_6.0.7601.17514_none_41e6975e2bd6f2b2\COMCTL32.dll
0x77800000 - 0x77857000 	C:\windows\system32\SHLWAPI.dll
0x77ca0000 - 0x77cbf000 	C:\windows\system32\IMM32.DLL
0x77cc0000 - 0x77d8c000 	C:\windows\system32\MSCTF.dll
0x607b0000 - 0x6086f000 	C:\Program Files\jmonkeyplatform\jdk\jre\bin\msvcr100.dll
0x582b0000 - 0x58630000 	C:\Program Files\jmonkeyplatform\jdk\jre\bin\client\jvm.dll
0x6edb0000 - 0x6edb7000 	C:\windows\system32\WSOCK32.dll
0x77b20000 - 0x77b55000 	C:\windows\system32\WS2_32.dll
0x765c0000 - 0x765c6000 	C:\windows\system32\NSI.dll
0x6edc0000 - 0x6edf2000 	C:\windows\system32\WINMM.dll
0x768c0000 - 0x768c5000 	C:\windows\system32\PSAPI.DLL
0x743b0000 - 0x743bc000 	C:\Program Files\jmonkeyplatform\jdk\jre\bin\verify.dll
0x72440000 - 0x72460000 	C:\Program Files\jmonkeyplatform\jdk\jre\bin\java.dll
0x73e10000 - 0x73e23000 	C:\Program Files\jmonkeyplatform\jdk\jre\bin\zip.dll
0x69830000 - 0x69844000 	C:\Program Files\jmonkeyplatform\jdk\jre\bin\net.dll
0x755a0000 - 0x755dc000 	C:\windows\system32\mswsock.dll
0x75810000 - 0x75816000 	C:\windows\System32\wship6.dll
0x745d0000 - 0x745df000 	C:\Program Files\jmonkeyplatform\jdk\jre\bin\nio.dll
0x17ba0000 - 0x17bec000 	C:\Users\Arnaud\Documents\JMonkeyEngine\Projects\ProcTerrain\lwjgl.dll
0x61af0000 - 0x61bb8000 	C:\windows\system32\OPENGL32.dll
0x62170000 - 0x62192000 	C:\windows\system32\GLU32.dll
0x68670000 - 0x68757000 	C:\windows\system32\DDRAW.dll
0x68660000 - 0x68666000 	C:\windows\system32\DCIMAN32.dll
0x77880000 - 0x77a1d000 	C:\windows\system32\SETUPAPI.dll
0x75cb0000 - 0x75cd7000 	C:\windows\system32\CFGMGR32.dll
0x768d0000 - 0x7695f000 	C:\windows\system32\OLEAUT32.dll
0x765d0000 - 0x7672c000 	C:\windows\system32\ole32.dll
0x75e80000 - 0x75e92000 	C:\windows\system32\DEVOBJ.dll
0x72d80000 - 0x72d93000 	C:\windows\system32\dwmapi.dll
0x75030000 - 0x75039000 	C:\windows\system32\VERSION.dll
0x18890000 - 0x1964d000 	C:\windows\system32\ig4icd32.dll
0x75b00000 - 0x75b0c000 	C:\windows\system32\CRYPTBASE.dll
0x76240000 - 0x762c3000 	C:\windows\system32\CLBCatQ.DLL
0x69d90000 - 0x69db2000 	C:\Windows\IME\SpTip.dll
0x76ba0000 - 0x777ea000 	C:\windows\system32\SHELL32.dll
0x5aac0000 - 0x5ab39000 	C:\windows\system32\mscms.dll
0x75190000 - 0x751a7000 	C:\windows\system32\USERENV.dll
0x75b80000 - 0x75b8b000 	C:\windows\system32\profapi.dll
0x74140000 - 0x74178000 	C:\windows\system32\icm32.dll
0x613c0000 - 0x61503000 	C:\Program Files\jmonkeyplatform\jdk\jre\bin\awt.dll
0x17e90000 - 0x17ef5000 	C:\Users\Arnaud\Documents\JMonkeyEngine\Projects\ProcTerrain\OpenAL32.dll
0x74c00000 - 0x74c39000 	C:\windows\System32\MMDevApi.dll
0x74b00000 - 0x74bf5000 	C:\windows\System32\PROPSYS.dll
0x72a50000 - 0x72ac2000 	C:\windows\system32\dsound.dll
0x74c40000 - 0x74c65000 	C:\windows\system32\POWRPROF.dll
0x69930000 - 0x69966000 	C:\windows\system32\AUDIOSES.DLL
0x6ee80000 - 0x6ef6b000 	C:\windows\system32\dbghelp.dll

VM Arguments:
jvm_args: -Dfile.encoding=UTF-8 
java_command: me.arnaud.procterrain.Main
Launcher Type: SUN_STANDARD

Environment Variables:
PATH=C:\Program Files\Common Files\Microsoft Shared\Windows Live;C:\windows\system32;C:\windows;C:\windows\System32\Wbem;C:\windows\System32\WindowsPowerShell\v1.0\;C:\Program Files\Autodesk\Backburner\;C:\Program Files\Common Files\Autodesk Shared\;C:\Program Files\Windows Live\Shared
USERNAME=Arnaud
OS=Windows_NT
PROCESSOR_IDENTIFIER=x86 Family 6 Model 42 Stepping 7, GenuineIntel



---------------  S Y S T E M  ---------------

OS: Windows 7 Build 7601 Service Pack 1

CPU:total 4 (2 cores per cpu, 2 threads per core) family 6 model 42 stepping 7, cmov, cx8, fxsr, mmx, sse, sse2, sse3, ssse3, sse4.1, sse4.2, popcnt, avx, ht, tsc, tscinvbit

Memory: 4k page, physical 2001100k(122276k free), swap 5868940k(1718200k free)

vm_info: Java HotSpot(TM) Client VM (24.51-b03) for windows-x86 JRE (1.7.0_51-b13), built on Dec 18 2013 19:09:58 by "java_re" with unknown MS VC++:1600

time: Fri Jul 11 23:55:01 2014
elapsed time: 101 seconds

