#
# A fatal error has been detected by the Java Runtime Environment:
#
#  EXCEPTION_ACCESS_VIOLATION (0xc0000005) at pc=0x18d80ac8, pid=5996, tid=7956
#
# JRE version: Java(TM) SE Runtime Environment (7.0_51-b13) (build 1.7.0_51-b13)
# Java VM: Java HotSpot(TM) Client VM (24.51-b03 mixed mode windows-x86 )
# Problematic frame:
# C  [ig4icd32.dll+0x200ac8]
#
# Failed to write core dump. Minidumps are not enabled by default on client versions of Windows
#
# If you would like to submit a bug report, please visit:
#   http://bugreport.sun.com/bugreport/crash.jsp
# The crash happened outside the Java Virtual Machine in native code.
# See problematic frame for where to report the bug.
#

---------------  T H R E A D  ---------------

Current thread (0x17bee800):  JavaThread "LWJGL Renderer Thread" [_thread_in_native, id=7956, stack(0x17f60000,0x17fb0000)]

siginfo: ExceptionCode=0xc0000005, reading address 0x1d1c3008

Registers:
EAX=0x1d1c3000, EBX=0x00000402, ECX=0x00000002, EDX=0x1aec3000
ESP=0x17faecac, EBP=0x1d0dc268, ESI=0x00000003, EDI=0x19b0fd00
EIP=0x18d80ac8, EFLAGS=0x00010297

Top of Stack: (sp=0x17faecac)
0x17faecac:   00000066 1866005c 00000084 1d0dbf48
0x17faecbc:   00000002 00000018 00000065 1866005c
0x17faeccc:   00000001 00000004 18d829b9 1866005c
0x17faecdc:   19b0fcd0 00000066 1d0dc268 1866027f
0x17faecec:   1866005c 00000330 00080038 00000000
0x17faecfc:   00000008 1d16a730 18c2b460 1866005c
0x17faed0c:   1aec3210 1d5ec568 1866007f 18c4903d
0x17faed1c:   1d5eb4e8 00000004 00000084 1866005c 

Instructions: (pc=0x18d80ac8)
0x18d80aa8:   8b 4e 20 8b 76 24 0f af cb 03 c1 8d 4e ff 83 f9
0x18d80ab8:   03 77 1d ff 24 8d 70 0c d8 18 d9 40 0c d9 5f 0c
0x18d80ac8:   d9 40 08 d9 5f 08 d9 40 04 d9 5f 04 d9 00 d9 1f
0x18d80ad8:   8b 7c 24 10 8b 5c 24 34 8b 74 24 14 47 83 c6 0c 


Register to memory mapping:

EAX=0x1d1c3000 is an unknown value
EBX=0x00000402 is an unknown value
ECX=0x00000002 is an unknown value
EDX=0x1aec3000 is an unknown value
ESP=0x17faecac is pointing into the stack for thread: 0x17bee800
EBP=0x1d0dc268 is an unknown value
ESI=0x00000003 is an unknown value
EDI=0x19b0fd00 is an unknown value


Stack: [0x17f60000,0x17fb0000],  sp=0x17faecac,  free space=315k
Native frames: (J=compiled Java code, j=interpreted, Vv=VM code, C=native code)
C  [ig4icd32.dll+0x200ac8]

Java frames: (J=compiled Java code, j=interpreted, Vv=VM code)
J  org.lwjgl.opengl.GL12.nglDrawRangeElementsBO(IIIIIJJ)V
J  org.lwjgl.opengl.GL12.glDrawRangeElements(IIIIIJ)V
J  com.jme3.renderer.lwjgl.LwjglRenderer.drawTriangleList(Lcom/jme3/scene/VertexBuffer;Lcom/jme3/scene/Mesh;I)V
J  com.jme3.renderer.lwjgl.LwjglRenderer.renderMeshDefault(Lcom/jme3/scene/Mesh;II)V
J  com.jme3.renderer.lwjgl.LwjglRenderer.renderMesh(Lcom/jme3/scene/Mesh;II)V
J  com.jme3.material.Material.renderMultipassLighting(Lcom/jme3/shader/Shader;Lcom/jme3/scene/Geometry;Lcom/jme3/renderer/RenderManager;)V
J  com.jme3.material.Material.render(Lcom/jme3/scene/Geometry;Lcom/jme3/renderer/RenderManager;)V
J  com.jme3.renderer.RenderManager.renderGeometry(Lcom/jme3/scene/Geometry;)V
J  com.jme3.renderer.queue.RenderQueue.renderGeometryList(Lcom/jme3/renderer/queue/GeometryList;Lcom/jme3/renderer/RenderManager;Lcom/jme3/renderer/Camera;Z)V
J  com.jme3.renderer.queue.RenderQueue.renderQueue(Lcom/jme3/renderer/queue/RenderQueue$Bucket;Lcom/jme3/renderer/RenderManager;Lcom/jme3/renderer/Camera;Z)V
J  com.jme3.renderer.RenderManager.renderViewPortQueues(Lcom/jme3/renderer/ViewPort;Z)V
J  com.jme3.renderer.RenderManager.renderViewPort(Lcom/jme3/renderer/ViewPort;F)V
J  com.jme3.renderer.RenderManager.render(FZ)V
j  com.jme3.app.SimpleApplication.update()V+102
j  com.jme3.system.lwjgl.LwjglAbstractDisplay.runLoop()V+22
j  com.jme3.system.lwjgl.LwjglDisplay.runLoop()V+67
j  com.jme3.system.lwjgl.LwjglAbstractDisplay.run()V+132
j  java.lang.Thread.run()V+11
v  ~StubRoutines::call_stub

---------------  P R O C E S S  ---------------

Java Threads: ( => current thread )
  0x1c8e9400 JavaThread "LWJGL Timer" daemon [_thread_blocked, id=3148, stack(0x185d0000,0x18620000)]
  0x1895c400 JavaThread "Java2D Disposer" daemon [_thread_blocked, id=14316, stack(0x1c7e0000,0x1c830000)]
  0x188e3c00 JavaThread "jME3 Audio Thread" daemon [_thread_blocked, id=6952, stack(0x1bd80000,0x1bdd0000)]
  0x0195c800 JavaThread "DestroyJavaVM" [_thread_blocked, id=11132, stack(0x00620000,0x00670000)]
=>0x17bee800 JavaThread "LWJGL Renderer Thread" [_thread_in_native, id=7956, stack(0x17f60000,0x17fb0000)]
  0x17ac1400 JavaThread "Service Thread" daemon [_thread_blocked, id=3868, stack(0x17ff0000,0x18040000)]
  0x17ab9000 JavaThread "C1 CompilerThread0" daemon [_thread_blocked, id=10712, stack(0x17da0000,0x17df0000)]
  0x17ab8000 JavaThread "Attach Listener" daemon [_thread_blocked, id=14000, stack(0x18040000,0x18090000)]
  0x17ab4c00 JavaThread "Signal Dispatcher" daemon [_thread_blocked, id=9608, stack(0x17d40000,0x17d90000)]
  0x17a88800 JavaThread "Finalizer" daemon [_thread_blocked, id=11664, stack(0x17f10000,0x17f60000)]
  0x17a82800 JavaThread "Reference Handler" daemon [_thread_blocked, id=13884, stack(0x17ce0000,0x17d30000)]

Other Threads:
  0x17a80800 VMThread [stack: 0x17e00000,0x17e50000] [id=11748]
  0x17ad3400 WatcherThread [stack: 0x18090000,0x180e0000] [id=12332]

VM state:not at safepoint (normal execution)

VM Mutex/Monitor currently owned by a thread: None

Heap
 def new generation   total 38016K, used 35974K [0x03960000, 0x062a0000, 0x08eb0000)
  eden space 33792K,  94% used [0x03960000, 0x05868a98, 0x05a60000)
  from space 4224K,  99% used [0x05e80000, 0x06299128, 0x062a0000)
  to   space 4224K,   0% used [0x05a60000, 0x05a60000, 0x05e80000)
 tenured generation   total 84460K, used 46064K [0x08eb0000, 0x0e12b000, 0x13960000)
   the space 84460K,  54% used [0x08eb0000, 0x0bbac310, 0x0bbac400, 0x0e12b000)
 compacting perm gen  total 12288K, used 6221K [0x13960000, 0x14560000, 0x17960000)
   the space 12288K,  50% used [0x13960000, 0x13f73790, 0x13f73800, 0x14560000)
No shared spaces configured.

Card table byte_map: [0x17960000,0x17a10000] byte_map_base: 0x17943500

Polling page: 0x00140000

Code Cache  [0x01960000, 0x01b08000, 0x03960000)
 total_blobs=982 nmethods=731 adapters=188 free_code_cache=31078Kb largest_free_block=31824064

Compilation events (10 events):
Event: 43.736 Thread 0x17ab9000  723             com.jme3.renderer.lwjgl.LwjglRenderer::setDepthRange (8 bytes)
Event: 43.737 Thread 0x17ab9000 nmethod 723 0x01b04948 code [0x01b04a80, 0x01b04ce0]
Event: 43.737 Thread 0x17ab9000  724             com.jme3.renderer.RenderManager::renderTranslucentQueue (36 bytes)
Event: 43.737 Thread 0x17ab9000 nmethod 724 0x01b05048 code [0x01b05160, 0x01b05268]
Event: 45.759 Thread 0x17ab9000  726             com.jme3.scene.Geometry::isBatched (13 bytes)
Event: 45.759 Thread 0x17ab9000 nmethod 726 0x01b055c8 code [0x01b056c0, 0x01b05750]
Event: 45.940 Thread 0x17ab9000  728   !         sun.misc.Cleaner::clean (35 bytes)
Event: 45.940 Thread 0x17ab9000 nmethod 728 0x01b05a08 code [0x01b05b40, 0x01b05cc0]
Event: 45.940 Thread 0x17ab9000  729  s          sun.misc.Cleaner::remove (89 bytes)
Event: 45.940 Thread 0x17ab9000 nmethod 729 0x01b05dc8 code [0x01b05ed0, 0x01b06180]

GC Heap History (10 events):
Event: 35.784 GC heap before
{Heap before GC invocations=62 (full 5):
 def new generation   total 38016K, used 37561K [0x03960000, 0x062a0000, 0x08eb0000)
  eden space 33792K, 100% used [0x03960000, 0x05a60000, 0x05a60000)
  from space 4224K,  89% used [0x05a60000, 0x05e0e680, 0x05e80000)
  to   space 4224K,   0% used [0x05e80000, 0x05e80000, 0x062a0000)
 tenured generation   total 84460K, used 69736K [0x08eb0000, 0x0e12b000, 0x13960000)
   the space 84460K,  82% used [0x08eb0000, 0x0d2ca2b8, 0x0d2ca400, 0x0e12b000)
 compacting perm gen  total 12288K, used 6221K [0x13960000, 0x14560000, 0x17960000)
   the space 12288K,  50% used [0x13960000, 0x13f73750, 0x13f73800, 0x14560000)
No shared spaces configured.
Event: 35.797 GC heap after
Heap after GC invocations=63 (full 5):
 def new generation   total 38016K, used 4116K [0x03960000, 0x062a0000, 0x08eb0000)
  eden space 33792K,   0% used [0x03960000, 0x03960000, 0x05a60000)
  from space 4224K,  97% used [0x05e80000, 0x062852d0, 0x062a0000)
  to   space 4224K,   0% used [0x05a60000, 0x05a60000, 0x05e80000)
 tenured generation   total 84460K, used 73506K [0x08eb0000, 0x0e12b000, 0x13960000)
   the space 84460K,  87% used [0x08eb0000, 0x0d678938, 0x0d678a00, 0x0e12b000)
 compacting perm gen  total 12288K, used 6221K [0x13960000, 0x14560000, 0x17960000)
   the space 12288K,  50% used [0x13960000, 0x13f73750, 0x13f73800, 0x14560000)
No shared spaces configured.
}
Event: 42.292 GC heap before
{Heap before GC invocations=63 (full 5):
 def new generation   total 38016K, used 37908K [0x03960000, 0x062a0000, 0x08eb0000)
  eden space 33792K, 100% used [0x03960000, 0x05a60000, 0x05a60000)
  from space 4224K,  97% used [0x05e80000, 0x062852d0, 0x062a0000)
  to   space 4224K,   0% used [0x05a60000, 0x05a60000, 0x05e80000)
 tenured generation   total 84460K, used 73506K [0x08eb0000, 0x0e12b000, 0x13960000)
   the space 84460K,  87% used [0x08eb0000, 0x0d678938, 0x0d678a00, 0x0e12b000)
 compacting perm gen  total 12288K, used 6221K [0x13960000, 0x14560000, 0x17960000)
   the space 12288K,  50% used [0x13960000, 0x13f73780, 0x13f73800, 0x14560000)
No shared spaces configured.
Event: 42.306 GC heap after
Heap after GC invocations=64 (full 5):
 def new generation   total 38016K, used 4090K [0x03960000, 0x062a0000, 0x08eb0000)
  eden space 33792K,   0% used [0x03960000, 0x03960000, 0x05a60000)
  from space 4224K,  96% used [0x05a60000, 0x05e5e920, 0x05e80000)
  to   space 4224K,   0% used [0x05e80000, 0x05e80000, 0x062a0000)
 tenured generation   total 84460K, used 77622K [0x08eb0000, 0x0e12b000, 0x13960000)
   the space 84460K,  91% used [0x08eb0000, 0x0da7d828, 0x0da7da00, 0x0e12b000)
 compacting perm gen  total 12288K, used 6221K [0x13960000, 0x14560000, 0x17960000)
   the space 12288K,  50% used [0x13960000, 0x13f73780, 0x13f73800, 0x14560000)
No shared spaces configured.
}
Event: 42.396 GC heap before
{Heap before GC invocations=64 (full 5):
 def new generation   total 38016K, used 37882K [0x03960000, 0x062a0000, 0x08eb0000)
  eden space 33792K, 100% used [0x03960000, 0x05a60000, 0x05a60000)
  from space 4224K,  96% used [0x05a60000, 0x05e5e920, 0x05e80000)
  to   space 4224K,   0% used [0x05e80000, 0x05e80000, 0x062a0000)
 tenured generation   total 84460K, used 77622K [0x08eb0000, 0x0e12b000, 0x13960000)
   the space 84460K,  91% used [0x08eb0000, 0x0da7d828, 0x0da7da00, 0x0e12b000)
 compacting perm gen  total 12288K, used 6221K [0x13960000, 0x14560000, 0x17960000)
   the space 12288K,  50% used [0x13960000, 0x13f73780, 0x13f73800, 0x14560000)
No shared spaces configured.
Event: 42.410 GC heap after
Heap after GC invocations=65 (full 5):
 def new generation   total 38016K, used 4175K [0x03960000, 0x062a0000, 0x08eb0000)
  eden space 33792K,   0% used [0x03960000, 0x03960000, 0x05a60000)
  from space 4224K,  98% used [0x05e80000, 0x06293dd8, 0x062a0000)
  to   space 4224K,   0% used [0x05a60000, 0x05a60000, 0x05e80000)
 tenured generation   total 84460K, used 81696K [0x08eb0000, 0x0e12b000, 0x13960000)
   the space 84460K,  96% used [0x08eb0000, 0x0de78298, 0x0de78400, 0x0e12b000)
 compacting perm gen  total 12288K, used 6221K [0x13960000, 0x14560000, 0x17960000)
   the space 12288K,  50% used [0x13960000, 0x13f73780, 0x13f73800, 0x14560000)
No shared spaces configured.
}
Event: 45.804 GC heap before
{Heap before GC invocations=65 (full 5):
 def new generation   total 38016K, used 37967K [0x03960000, 0x062a0000, 0x08eb0000)
  eden space 33792K, 100% used [0x03960000, 0x05a60000, 0x05a60000)
  from space 4224K,  98% used [0x05e80000, 0x06293dd8, 0x062a0000)
  to   space 4224K,   0% used [0x05a60000, 0x05a60000, 0x05e80000)
 tenured generation   total 84460K, used 81696K [0x08eb0000, 0x0e12b000, 0x13960000)
   the space 84460K,  96% used [0x08eb0000, 0x0de78298, 0x0de78400, 0x0e12b000)
 compacting perm gen  total 12288K, used 6221K [0x13960000, 0x14560000, 0x17960000)
   the space 12288K,  50% used [0x13960000, 0x13f73790, 0x13f73800, 0x14560000)
No shared spaces configured.
Event: 45.939 GC heap after
Heap after GC invocations=66 (full 6):
 def new generation   total 38016K, used 0K [0x03960000, 0x062a0000, 0x08eb0000)
  eden space 33792K,   0% used [0x03960000, 0x03960000, 0x05a60000)
  from space 4224K,   0% used [0x05a60000, 0x05a60000, 0x05e80000)
  to   space 4224K,   0% used [0x05e80000, 0x05e80000, 0x062a0000)
 tenured generation   total 84460K, used 46064K [0x08eb0000, 0x0e12b000, 0x13960000)
   the space 84460K,  54% used [0x08eb0000, 0x0bbac310, 0x0bbac400, 0x0e12b000)
 compacting perm gen  total 12288K, used 6221K [0x13960000, 0x14560000, 0x17960000)
   the space 12288K,  50% used [0x13960000, 0x13f73790, 0x13f73800, 0x14560000)
No shared spaces configured.
}
Event: 46.045 GC heap before
{Heap before GC invocations=66 (full 6):
 def new generation   total 38016K, used 33792K [0x03960000, 0x062a0000, 0x08eb0000)
  eden space 33792K, 100% used [0x03960000, 0x05a60000, 0x05a60000)
  from space 4224K,   0% used [0x05a60000, 0x05a60000, 0x05e80000)
  to   space 4224K,   0% used [0x05e80000, 0x05e80000, 0x062a0000)
 tenured generation   total 84460K, used 46064K [0x08eb0000, 0x0e12b000, 0x13960000)
   the space 84460K,  54% used [0x08eb0000, 0x0bbac310, 0x0bbac400, 0x0e12b000)
 compacting perm gen  total 12288K, used 6221K [0x13960000, 0x14560000, 0x17960000)
   the space 12288K,  50% used [0x13960000, 0x13f73790, 0x13f73800, 0x14560000)
No shared spaces configured.
Event: 46.052 GC heap after
Heap after GC invocations=67 (full 6):
 def new generation   total 38016K, used 4196K [0x03960000, 0x062a0000, 0x08eb0000)
  eden space 33792K,   0% used [0x03960000, 0x03960000, 0x05a60000)
  from space 4224K,  99% used [0x05e80000, 0x06299128, 0x062a0000)
  to   space 4224K,   0% used [0x05a60000, 0x05a60000, 0x05e80000)
 tenured generation   total 84460K, used 46064K [0x08eb0000, 0x0e12b000, 0x13960000)
   the space 84460K,  54% used [0x08eb0000, 0x0bbac310, 0x0bbac400, 0x0e12b000)
 compacting perm gen  total 12288K, used 6221K [0x13960000, 0x14560000, 0x17960000)
   the space 12288K,  50% used [0x13960000, 0x13f73790, 0x13f73800, 0x14560000)
No shared spaces configured.
}

Deoptimization events (0 events):
No events

Internal exceptions (10 events):
Event: 3.257 Thread 0x17bee800 Threw 0x04d38b10 at C:\re\jdk7u51\527\hotspot\src\share\vm\prims\jvm.cpp:1244
Event: 3.259 Thread 0x17bee800 Threw 0x04d413c8 at C:\re\jdk7u51\527\hotspot\src\share\vm\prims\jvm.cpp:1244
Event: 3.321 Thread 0x17bee800 Threw 0x04d7ffe0 at C:\re\jdk7u51\527\hotspot\src\share\vm\prims\jvm.cpp:1244
Event: 3.322 Thread 0x17bee800 Threw 0x04d89048 at C:\re\jdk7u51\527\hotspot\src\share\vm\prims\jvm.cpp:1244
Event: 3.323 Thread 0x17bee800 Threw 0x04d8c2d8 at C:\re\jdk7u51\527\hotspot\src\share\vm\prims\jvm.cpp:1244
Event: 3.328 Thread 0x17bee800 Threw 0x04d8fe68 at C:\re\jdk7u51\527\hotspot\src\share\vm\prims\jvm.cpp:1244
Event: 3.329 Thread 0x17bee800 Threw 0x04d924f0 at C:\re\jdk7u51\527\hotspot\src\share\vm\prims\jvm.cpp:1244
Event: 3.344 Thread 0x17bee800 Threw 0x04d9bdb8 at C:\re\jdk7u51\527\hotspot\src\share\vm\prims\jvm.cpp:1244
Event: 3.344 Thread 0x17bee800 Threw 0x04d9f298 at C:\re\jdk7u51\527\hotspot\src\share\vm\prims\jvm.cpp:1244
Event: 3.345 Thread 0x17bee800 Threw 0x04da2548 at C:\re\jdk7u51\527\hotspot\src\share\vm\prims\jvm.cpp:1244

Events (10 events):
Event: 35.784 Executing VM operation: GenCollectForAllocation
Event: 35.797 Executing VM operation: GenCollectForAllocation done
Event: 42.292 Executing VM operation: GenCollectForAllocation
Event: 42.306 Executing VM operation: GenCollectForAllocation done
Event: 42.396 Executing VM operation: GenCollectForAllocation
Event: 42.410 Executing VM operation: GenCollectForAllocation done
Event: 45.804 Executing VM operation: GenCollectForAllocation
Event: 45.939 Executing VM operation: GenCollectForAllocation done
Event: 46.045 Executing VM operation: GenCollectForAllocation
Event: 46.052 Executing VM operation: GenCollectForAllocation done


Dynamic libraries:
0x00230000 - 0x0025f000 	C:\Program Files\jmonkeyplatform\jdk\bin\java.exe
0x77b60000 - 0x77c9c000 	C:\windows\SYSTEM32\ntdll.dll
0x76730000 - 0x76804000 	C:\windows\system32\kernel32.dll
0x75e10000 - 0x75e5b000 	C:\windows\system32\KERNELBASE.dll
0x75ee0000 - 0x75f80000 	C:\windows\system32\ADVAPI32.dll
0x76810000 - 0x768bc000 	C:\windows\system32\msvcrt.dll
0x77860000 - 0x77879000 	C:\windows\SYSTEM32\sechost.dll
0x76400000 - 0x764a2000 	C:\windows\system32\RPCRT4.dll
0x77a20000 - 0x77ae9000 	C:\windows\system32\USER32.dll
0x761f0000 - 0x7623e000 	C:\windows\system32\GDI32.dll
0x777f0000 - 0x777fa000 	C:\windows\system32\LPK.dll
0x76520000 - 0x765bd000 	C:\windows\system32\USP10.dll
0x730f0000 - 0x7328e000 	C:\windows\WinSxS\x86_microsoft.windows.common-controls_6595b64144ccf1df_6.0.7601.17514_none_41e6975e2bd6f2b2\COMCTL32.dll
0x77800000 - 0x77857000 	C:\windows\system32\SHLWAPI.dll
0x77ca0000 - 0x77cbf000 	C:\windows\system32\IMM32.DLL
0x77cc0000 - 0x77d8c000 	C:\windows\system32\MSCTF.dll
0x74120000 - 0x741df000 	C:\Program Files\jmonkeyplatform\jdk\jre\bin\msvcr100.dll
0x576f0000 - 0x57a70000 	C:\Program Files\jmonkeyplatform\jdk\jre\bin\client\jvm.dll
0x6edb0000 - 0x6edb7000 	C:\windows\system32\WSOCK32.dll
0x77b20000 - 0x77b55000 	C:\windows\system32\WS2_32.dll
0x765c0000 - 0x765c6000 	C:\windows\system32\NSI.dll
0x6edc0000 - 0x6edf2000 	C:\windows\system32\WINMM.dll
0x768c0000 - 0x768c5000 	C:\windows\system32\PSAPI.DLL
0x743b0000 - 0x743bc000 	C:\Program Files\jmonkeyplatform\jdk\jre\bin\verify.dll
0x72440000 - 0x72460000 	C:\Program Files\jmonkeyplatform\jdk\jre\bin\java.dll
0x73e10000 - 0x73e23000 	C:\Program Files\jmonkeyplatform\jdk\jre\bin\zip.dll
0x69830000 - 0x69844000 	C:\Program Files\jmonkeyplatform\jdk\jre\bin\net.dll
0x755a0000 - 0x755dc000 	C:\windows\system32\mswsock.dll
0x75810000 - 0x75816000 	C:\windows\System32\wship6.dll
0x745d0000 - 0x745df000 	C:\Program Files\jmonkeyplatform\jdk\jre\bin\nio.dll
0x003b0000 - 0x003fc000 	C:\Users\Arnaud\Documents\JMonkeyEngine\Projects\ProcTerrain\lwjgl.dll
0x61af0000 - 0x61bb8000 	C:\windows\system32\OPENGL32.dll
0x62170000 - 0x62192000 	C:\windows\system32\GLU32.dll
0x68670000 - 0x68757000 	C:\windows\system32\DDRAW.dll
0x68660000 - 0x68666000 	C:\windows\system32\DCIMAN32.dll
0x77880000 - 0x77a1d000 	C:\windows\system32\SETUPAPI.dll
0x75cb0000 - 0x75cd7000 	C:\windows\system32\CFGMGR32.dll
0x768d0000 - 0x7695f000 	C:\windows\system32\OLEAUT32.dll
0x765d0000 - 0x7672c000 	C:\windows\system32\ole32.dll
0x75e80000 - 0x75e92000 	C:\windows\system32\DEVOBJ.dll
0x72d80000 - 0x72d93000 	C:\windows\system32\dwmapi.dll
0x75030000 - 0x75039000 	C:\windows\system32\VERSION.dll
0x18b80000 - 0x1993d000 	C:\windows\system32\ig4icd32.dll
0x75b00000 - 0x75b0c000 	C:\windows\system32\CRYPTBASE.dll
0x76240000 - 0x762c3000 	C:\windows\system32\CLBCatQ.DLL
0x69d90000 - 0x69db2000 	C:\Windows\IME\SpTip.dll
0x76ba0000 - 0x777ea000 	C:\windows\system32\SHELL32.dll
0x5aac0000 - 0x5ab39000 	C:\windows\system32\mscms.dll
0x75190000 - 0x751a7000 	C:\windows\system32\USERENV.dll
0x75b80000 - 0x75b8b000 	C:\windows\system32\profapi.dll
0x61ed0000 - 0x61f08000 	C:\windows\system32\icm32.dll
0x613c0000 - 0x61503000 	C:\Program Files\jmonkeyplatform\jdk\jre\bin\awt.dll
0x17c70000 - 0x17cd5000 	C:\Users\Arnaud\Documents\JMonkeyEngine\Projects\ProcTerrain\OpenAL32.dll
0x74c00000 - 0x74c39000 	C:\windows\System32\MMDevApi.dll
0x74b00000 - 0x74bf5000 	C:\windows\System32\PROPSYS.dll
0x72a50000 - 0x72ac2000 	C:\windows\system32\dsound.dll
0x74c40000 - 0x74c65000 	C:\windows\system32\POWRPROF.dll
0x69930000 - 0x69966000 	C:\windows\system32\AUDIOSES.DLL
0x6ee80000 - 0x6ef6b000 	C:\windows\system32\dbghelp.dll

VM Arguments:
jvm_args: -Dfile.encoding=UTF-8 
java_command: me.arnaud.procterrain.Main
Launcher Type: SUN_STANDARD

Environment Variables:
PATH=C:\Program Files\Common Files\Microsoft Shared\Windows Live;C:\windows\system32;C:\windows;C:\windows\System32\Wbem;C:\windows\System32\WindowsPowerShell\v1.0\;C:\Program Files\Autodesk\Backburner\;C:\Program Files\Common Files\Autodesk Shared\;C:\Program Files\Windows Live\Shared
USERNAME=Arnaud
OS=Windows_NT
PROCESSOR_IDENTIFIER=x86 Family 6 Model 42 Stepping 7, GenuineIntel



---------------  S Y S T E M  ---------------

OS: Windows 7 Build 7601 Service Pack 1

CPU:total 4 (2 cores per cpu, 2 threads per core) family 6 model 42 stepping 7, cmov, cx8, fxsr, mmx, sse, sse2, sse3, ssse3, sse4.1, sse4.2, popcnt, avx, ht, tsc, tscinvbit

Memory: 4k page, physical 2001100k(132356k free), swap 5868940k(1715844k free)

vm_info: Java HotSpot(TM) Client VM (24.51-b03) for windows-x86 JRE (1.7.0_51-b13), built on Dec 18 2013 19:09:58 by "java_re" with unknown MS VC++:1600

time: Fri Jul 11 23:56:01 2014
elapsed time: 46 seconds

